<?xml version="1.0" encoding="UTF-8"?>
<coverage generated="1492042621">
  <project timestamp="1492042621">
    <package name="ConfigurationLayer\ApplicationConfig">
      <file name="C:\Vokke\imperial-college-api\source/ConfigurationLayer/ApplicationConfig/ApplicationConfig.php">
        <class name="ApplicationConfig" namespace="ConfigurationLayer\ApplicationConfig">
          <metrics methods="3" coveredmethods="0" conditionals="0" coveredconditionals="0" statements="11" coveredstatements="3" elements="14" coveredelements="3"/>
        </class>
        <line num="17" type="method" name="__construct" crap="6" count="0"/>
        <line num="18" type="stmt" count="0"/>
        <line num="19" type="stmt" count="0"/>
        <line num="20" type="stmt" count="0"/>
        <line num="21" type="stmt" count="0"/>
        <line num="23" type="stmt" count="0"/>
        <line num="25" type="method" name="setAnnotations" crap="2" count="0"/>
        <line num="26" type="stmt" count="0"/>
        <line num="27" type="stmt" count="0"/>
        <line num="29" type="method" name="get" crap="2.06" count="1"/>
        <line num="30" type="stmt" count="1"/>
        <line num="31" type="stmt" count="1"/>
        <line num="32" type="stmt" count="1"/>
        <line num="34" type="stmt" count="0"/>
        <metrics loc="36" ncloc="33" classes="1" methods="3" coveredmethods="0" conditionals="0" coveredconditionals="0" statements="11" coveredstatements="3" elements="14" coveredelements="3"/>
      </file>
      <file name="C:\Vokke\imperial-college-api\source/ConfigurationLayer/ApplicationConfig/EConfigurationMissing.php">
        <class name="EConfigurationMissing" namespace="ConfigurationLayer\ApplicationConfig">
          <metrics methods="1" coveredmethods="0" conditionals="0" coveredconditionals="0" statements="2" coveredstatements="0" elements="3" coveredelements="0"/>
        </class>
        <line num="7" type="method" name="__construct" crap="2" count="0"/>
        <line num="8" type="stmt" count="0"/>
        <line num="9" type="stmt" count="0"/>
        <metrics loc="10" ncloc="10" classes="1" methods="1" coveredmethods="0" conditionals="0" coveredconditionals="0" statements="2" coveredstatements="0" elements="3" coveredelements="0"/>
      </file>
      <file name="C:\Vokke\imperial-college-api\source/ConfigurationLayer/ApplicationConfigFactory/EEnvironmentVariableMissing.php">
        <class name="EEnvironmentVariableMissing" namespace="ConfigurationLayer\ApplicationConfig">
          <metrics methods="1" coveredmethods="0" conditionals="0" coveredconditionals="0" statements="2" coveredstatements="0" elements="3" coveredelements="0"/>
        </class>
        <line num="7" type="method" name="__construct" crap="2" count="0"/>
        <line num="8" type="stmt" count="0"/>
        <line num="9" type="stmt" count="0"/>
        <metrics loc="10" ncloc="10" classes="1" methods="1" coveredmethods="0" conditionals="0" coveredconditionals="0" statements="2" coveredstatements="0" elements="3" coveredelements="0"/>
      </file>
    </package>
    <package name="ConfigurationLayer\ApplicationConfigFactory">
      <file name="C:\Vokke\imperial-college-api\source/ConfigurationLayer/ApplicationConfigFactory/ApplicationConfigFactory.php">
        <class name="ApplicationConfigFactory" namespace="ConfigurationLayer\ApplicationConfigFactory">
          <metrics methods="2" coveredmethods="0" conditionals="0" coveredconditionals="0" statements="6" coveredstatements="0" elements="8" coveredelements="0"/>
        </class>
        <line num="10" type="method" name="createFromFile" crap="2" count="0"/>
        <line num="11" type="stmt" count="0"/>
        <line num="14" type="method" name="createFromEnvironment" crap="6" count="0"/>
        <line num="15" type="stmt" count="0"/>
        <line num="17" type="stmt" count="0"/>
        <line num="18" type="stmt" count="0"/>
        <line num="19" type="stmt" count="0"/>
        <line num="22" type="stmt" count="0"/>
        <metrics loc="24" ncloc="24" classes="1" methods="2" coveredmethods="0" conditionals="0" coveredconditionals="0" statements="6" coveredstatements="0" elements="8" coveredelements="0"/>
      </file>
    </package>
    <package name="ConfigurationLayer\ConfigurationAnnotations\DefaultAnnotations">
      <file name="C:\Vokke\imperial-college-api\source/ConfigurationLayer/ConfigurationAnnotations/DefaultAnnotations/DefaultConfigurationAnnotations.php">
        <class name="DefaultConfigurationAnnotations" namespace="ConfigurationLayer\ConfigurationAnnotations\DefaultAnnotations">
          <metrics methods="3" coveredmethods="1" conditionals="0" coveredconditionals="0" statements="9" coveredstatements="6" elements="12" coveredelements="7"/>
        </class>
        <line num="11" type="method" name="checkAnnotations" crap="2.15" count="1"/>
        <line num="12" type="stmt" count="1"/>
        <line num="13" type="stmt" count="0"/>
        <line num="15" type="stmt" count="1"/>
        <line num="17" type="method" name="parseString" crap="1" count="1"/>
        <line num="18" type="stmt" count="1"/>
        <line num="20" type="stmt" count="1"/>
        <line num="21" type="stmt" count="1"/>
        <line num="22" type="stmt" count="1"/>
        <line num="25" type="method" name="setRootDirectory" crap="2" count="0"/>
        <line num="26" type="stmt" count="0"/>
        <line num="27" type="stmt" count="0"/>
        <metrics loc="28" ncloc="28" classes="1" methods="3" coveredmethods="1" conditionals="0" coveredconditionals="0" statements="9" coveredstatements="6" elements="12" coveredelements="7"/>
      </file>
      <file name="C:\Vokke\imperial-college-api\source/ConfigurationLayer/ConfigurationAnnotations/DefaultAnnotations/EAnnotationEmpty.php">
        <class name="EAnnotationEmpty" namespace="ConfigurationLayer\ConfigurationAnnotations\DefaultAnnotations">
          <metrics methods="1" coveredmethods="0" conditionals="0" coveredconditionals="0" statements="2" coveredstatements="0" elements="3" coveredelements="0"/>
        </class>
        <line num="7" type="method" name="__construct" crap="2" count="0"/>
        <line num="8" type="stmt" count="0"/>
        <line num="9" type="stmt" count="0"/>
        <metrics loc="10" ncloc="10" classes="1" methods="1" coveredmethods="0" conditionals="0" coveredconditionals="0" statements="2" coveredstatements="0" elements="3" coveredelements="0"/>
      </file>
    </package>
    <file name="C:\Vokke\imperial-college-api\source/ConfigurationLayer/ConfigurationAnnotations/IConfigurationAnnotations.php">
      <metrics loc="8" ncloc="8" classes="0" methods="0" coveredmethods="0" conditionals="0" coveredconditionals="0" statements="0" coveredstatements="0" elements="0" coveredelements="0"/>
    </file>
    <file name="C:\Vokke\imperial-college-api\source/ConfigurationLayer/DependencyInjectionOverrides/dependencies.php">
      <line num="3" type="stmt" count="1"/>
      <line num="4" type="stmt" count="1"/>
      <line num="5" type="stmt" count="1"/>
      <line num="6" type="stmt" count="1"/>
      <line num="10" type="stmt" count="1"/>
      <line num="11" type="stmt" count="1"/>
      <line num="12" type="stmt" count="1"/>
      <line num="13" type="stmt" count="1"/>
      <line num="14" type="stmt" count="1"/>
      <line num="17" type="stmt" count="1"/>
      <line num="18" type="stmt" count="1"/>
      <line num="20" type="stmt" count="1"/>
      <line num="22" type="stmt" count="1"/>
      <line num="25" type="stmt" count="1"/>
      <line num="28" type="stmt" count="1"/>
      <line num="31" type="stmt" count="1"/>
      <line num="33" type="stmt" count="1"/>
      <line num="36" type="stmt" count="1"/>
      <line num="37" type="stmt" count="1"/>
      <line num="38" type="stmt" count="1"/>
      <line num="39" type="stmt" count="1"/>
      <line num="40" type="stmt" count="1"/>
      <line num="41" type="stmt" count="1"/>
      <line num="42" type="stmt" count="1"/>
      <line num="43" type="stmt" count="1"/>
      <line num="46" type="stmt" count="1"/>
      <line num="47" type="stmt" count="1"/>
      <line num="48" type="stmt" count="1"/>
      <line num="49" type="stmt" count="1"/>
      <line num="50" type="stmt" count="1"/>
      <line num="51" type="stmt" count="1"/>
      <line num="52" type="stmt" count="1"/>
      <line num="53" type="stmt" count="1"/>
      <line num="57" type="stmt" count="1"/>
      <line num="59" type="stmt" count="1"/>
      <metrics loc="58" ncloc="54" classes="0" methods="0" coveredmethods="0" conditionals="0" coveredconditionals="0" statements="34" coveredstatements="34" elements="34" coveredelements="34"/>
    </file>
    <package name="DomainLayer\BulkUploadRequestService">
      <file name="C:\Vokke\imperial-college-api\source/DomainLayer/BulkUploadRequestService/BulkUploadRequestService.php">
        <class name="BulkUploadRequestService" namespace="DomainLayer\BulkUploadRequestService" fullPackage="DomainLayer" package="DomainLayer">
          <metrics methods="12" coveredmethods="0" conditionals="0" coveredconditionals="0" statements="159" coveredstatements="0" elements="171" coveredelements="0"/>
        </class>
        <line num="101" type="method" name="__construct" crap="2" count="0"/>
        <line num="102" type="stmt" count="0"/>
        <line num="103" type="stmt" count="0"/>
        <line num="104" type="stmt" count="0"/>
        <line num="105" type="stmt" count="0"/>
        <line num="106" type="stmt" count="0"/>
        <line num="107" type="stmt" count="0"/>
        <line num="108" type="stmt" count="0"/>
        <line num="109" type="stmt" count="0"/>
        <line num="119" type="method" name="newRequest" crap="2" count="0"/>
        <line num="120" type="stmt" count="0"/>
        <line num="121" type="stmt" count="0"/>
        <line num="122" type="stmt" count="0"/>
        <line num="123" type="stmt" count="0"/>
        <line num="124" type="stmt" count="0"/>
        <line num="125" type="stmt" count="0"/>
        <line num="126" type="stmt" count="0"/>
        <line num="127" type="stmt" count="0"/>
        <line num="128" type="stmt" count="0"/>
        <line num="129" type="stmt" count="0"/>
        <line num="130" type="stmt" count="0"/>
        <line num="131" type="stmt" count="0"/>
        <line num="142" type="method" name="approveRequest" crap="6" count="0"/>
        <line num="143" type="stmt" count="0"/>
        <line num="144" type="stmt" count="0"/>
        <line num="145" type="stmt" count="0"/>
        <line num="147" type="stmt" count="0"/>
        <line num="149" type="stmt" count="0"/>
        <line num="150" type="stmt" count="0"/>
        <line num="152" type="stmt" count="0"/>
        <line num="153" type="stmt" count="0"/>
        <line num="154" type="stmt" count="0"/>
        <line num="155" type="stmt" count="0"/>
        <line num="156" type="stmt" count="0"/>
        <line num="159" type="stmt" count="0"/>
        <line num="160" type="stmt" count="0"/>
        <line num="161" type="stmt" count="0"/>
        <line num="162" type="stmt" count="0"/>
        <line num="163" type="stmt" count="0"/>
        <line num="165" type="stmt" count="0"/>
        <line num="166" type="stmt" count="0"/>
        <line num="167" type="stmt" count="0"/>
        <line num="178" type="method" name="denyRequest" crap="6" count="0"/>
        <line num="179" type="stmt" count="0"/>
        <line num="180" type="stmt" count="0"/>
        <line num="181" type="stmt" count="0"/>
        <line num="183" type="stmt" count="0"/>
        <line num="184" type="stmt" count="0"/>
        <line num="185" type="stmt" count="0"/>
        <line num="186" type="stmt" count="0"/>
        <line num="187" type="stmt" count="0"/>
        <line num="190" type="stmt" count="0"/>
        <line num="191" type="stmt" count="0"/>
        <line num="192" type="stmt" count="0"/>
        <line num="193" type="stmt" count="0"/>
        <line num="194" type="stmt" count="0"/>
        <line num="196" type="stmt" count="0"/>
        <line num="197" type="stmt" count="0"/>
        <line num="198" type="stmt" count="0"/>
        <line num="211" type="method" name="getExchangeToken" crap="12" count="0"/>
        <line num="212" type="stmt" count="0"/>
        <line num="213" type="stmt" count="0"/>
        <line num="214" type="stmt" count="0"/>
        <line num="215" type="stmt" count="0"/>
        <line num="217" type="stmt" count="0"/>
        <line num="219" type="stmt" count="0"/>
        <line num="220" type="stmt" count="0"/>
        <line num="221" type="stmt" count="0"/>
        <line num="223" type="stmt" count="0"/>
        <line num="224" type="stmt" count="0"/>
        <line num="225" type="stmt" count="0"/>
        <line num="226" type="stmt" count="0"/>
        <line num="228" type="stmt" count="0"/>
        <line num="230" type="stmt" count="0"/>
        <line num="231" type="stmt" count="0"/>
        <line num="232" type="stmt" count="0"/>
        <line num="234" type="stmt" count="0"/>
        <line num="235" type="stmt" count="0"/>
        <line num="246" type="method" name="uploadFile" crap="20" count="0"/>
        <line num="247" type="stmt" count="0"/>
        <line num="248" type="stmt" count="0"/>
        <line num="249" type="stmt" count="0"/>
        <line num="250" type="stmt" count="0"/>
        <line num="251" type="stmt" count="0"/>
        <line num="253" type="stmt" count="0"/>
        <line num="255" type="stmt" count="0"/>
        <line num="256" type="stmt" count="0"/>
        <line num="257" type="stmt" count="0"/>
        <line num="259" type="stmt" count="0"/>
        <line num="260" type="stmt" count="0"/>
        <line num="261" type="stmt" count="0"/>
        <line num="262" type="stmt" count="0"/>
        <line num="263" type="stmt" count="0"/>
        <line num="265" type="stmt" count="0"/>
        <line num="267" type="stmt" count="0"/>
        <line num="269" type="stmt" count="0"/>
        <line num="270" type="stmt" count="0"/>
        <line num="271" type="stmt" count="0"/>
        <line num="272" type="stmt" count="0"/>
        <line num="273" type="stmt" count="0"/>
        <line num="275" type="stmt" count="0"/>
        <line num="276" type="stmt" count="0"/>
        <line num="277" type="stmt" count="0"/>
        <line num="279" type="stmt" count="0"/>
        <line num="281" type="stmt" count="0"/>
        <line num="282" type="stmt" count="0"/>
        <line num="283" type="stmt" count="0"/>
        <line num="285" type="stmt" count="0"/>
        <line num="287" type="stmt" count="0"/>
        <line num="288" type="stmt" count="0"/>
        <line num="289" type="stmt" count="0"/>
        <line num="291" type="stmt" count="0"/>
        <line num="292" type="stmt" count="0"/>
        <line num="294" type="method" name="applyNextFileNameIndex" crap="2" count="0"/>
        <line num="295" type="stmt" count="0"/>
        <line num="296" type="stmt" count="0"/>
        <line num="297" type="stmt" count="0"/>
        <line num="299" type="method" name="getCurrentFileNameIndex" crap="2" count="0"/>
        <line num="300" type="stmt" count="0"/>
        <line num="301" type="stmt" count="0"/>
        <line num="302" type="stmt" count="0"/>
        <line num="303" type="stmt" count="0"/>
        <line num="313" type="method" name="checkTotalBulkUploadSize" crap="6" count="0"/>
        <line num="314" type="stmt" count="0"/>
        <line num="315" type="stmt" count="0"/>
        <line num="316" type="stmt" count="0"/>
        <line num="317" type="stmt" count="0"/>
        <line num="318" type="stmt" count="0"/>
        <line num="327" type="method" name="getCurrentBulkUploadSize" crap="2" count="0"/>
        <line num="328" type="stmt" count="0"/>
        <line num="329" type="stmt" count="0"/>
        <line num="330" type="stmt" count="0"/>
        <line num="339" type="method" name="submitBulkUpload" crap="42" count="0"/>
        <line num="340" type="stmt" count="0"/>
        <line num="341" type="stmt" count="0"/>
        <line num="342" type="stmt" count="0"/>
        <line num="343" type="stmt" count="0"/>
        <line num="344" type="stmt" count="0"/>
        <line num="346" type="stmt" count="0"/>
        <line num="348" type="stmt" count="0"/>
        <line num="349" type="stmt" count="0"/>
        <line num="350" type="stmt" count="0"/>
        <line num="355" type="stmt" count="0"/>
        <line num="362" type="stmt" count="0"/>
        <line num="363" type="stmt" count="0"/>
        <line num="364" type="stmt" count="0"/>
        <line num="365" type="stmt" count="0"/>
        <line num="366" type="stmt" count="0"/>
        <line num="367" type="stmt" count="0"/>
        <line num="368" type="stmt" count="0"/>
        <line num="370" type="stmt" count="0"/>
        <line num="371" type="stmt" count="0"/>
        <line num="372" type="stmt" count="0"/>
        <line num="373" type="stmt" count="0"/>
        <line num="374" type="stmt" count="0"/>
        <line num="375" type="stmt" count="0"/>
        <line num="380" type="method" name="anonymous function" crap="12" count="0"/>
        <line num="381" type="stmt" count="0"/>
        <line num="382" type="stmt" count="0"/>
        <line num="383" type="stmt" count="0"/>
        <line num="384" type="stmt" count="0"/>
        <line num="385" type="stmt" count="0"/>
        <line num="386" type="stmt" count="0"/>
        <line num="387" type="stmt" count="0"/>
        <line num="388" type="stmt" count="0"/>
        <line num="389" type="stmt" count="0"/>
        <line num="390" type="stmt" count="0"/>
        <line num="391" type="stmt" count="0"/>
        <line num="393" type="stmt" count="0"/>
        <line num="395" type="stmt" count="0"/>
        <line num="396" type="stmt" count="0"/>
        <line num="398" type="stmt" count="0"/>
        <line num="399" type="stmt" count="0"/>
        <metrics loc="400" ncloc="254" classes="1" methods="12" coveredmethods="0" conditionals="0" coveredconditionals="0" statements="161" coveredstatements="0" elements="173" coveredelements="0"/>
      </file>
    </package>
    <file name="C:\Vokke\imperial-college-api\source/DomainLayer/BulkUploadRequestService/Requests/IBulkUploadRequest.php">
      <metrics loc="34" ncloc="12" classes="0" methods="0" coveredmethods="0" conditionals="0" coveredconditionals="0" statements="0" coveredstatements="0" elements="0" coveredelements="0"/>
    </file>
    <file name="C:\Vokke\imperial-college-api\source/DomainLayer/BulkUploadRequestService/Requests/INewBulkUploadRequestRequest.php">
      <metrics loc="42" ncloc="14" classes="0" methods="0" coveredmethods="0" conditionals="0" coveredconditionals="0" statements="0" coveredstatements="0" elements="0" coveredelements="0"/>
    </file>
    <file name="C:\Vokke\imperial-college-api\source/DomainLayer/BulkUploadRequestService/Requests/INotARobotRequest.php">
      <metrics loc="26" ncloc="10" classes="0" methods="0" coveredmethods="0" conditionals="0" coveredconditionals="0" statements="0" coveredstatements="0" elements="0" coveredelements="0"/>
    </file>
    <file name="C:\Vokke\imperial-college-api\source/DomainLayer/BulkUploadRequestService/Requests/ISubmitBulkUploadRequest.php">
      <metrics loc="85" ncloc="27" classes="0" methods="0" coveredmethods="0" conditionals="0" coveredconditionals="0" statements="0" coveredstatements="0" elements="0" coveredelements="0"/>
    </file>
    <package name="DomainLayer\Common\Collection">
      <file name="C:\Vokke\imperial-college-api\source/DomainLayer/Common/Collection/Collection.php">
        <class name="Collection" namespace="DomainLayer\Common\Collection" fullPackage="DomainLayer" package="DomainLayer">
          <metrics methods="7" coveredmethods="0" conditionals="0" coveredconditionals="0" statements="15" coveredstatements="0" elements="22" coveredelements="0"/>
        </class>
        <line num="38" type="method" name="__construct" crap="2" count="0"/>
        <line num="39" type="stmt" count="0"/>
        <line num="40" type="stmt" count="0"/>
        <line num="41" type="stmt" count="0"/>
        <line num="50" type="method" name="count" crap="2" count="0"/>
        <line num="51" type="stmt" count="0"/>
        <line num="52" type="stmt" count="0"/>
        <line num="61" type="method" name="clear" crap="2" count="0"/>
        <line num="62" type="stmt" count="0"/>
        <line num="63" type="stmt" count="0"/>
        <line num="72" type="method" name="getIterator" crap="2" count="0"/>
        <line num="73" type="stmt" count="0"/>
        <line num="74" type="stmt" count="0"/>
        <line num="83" type="method" name="contains" crap="2" count="0"/>
        <line num="84" type="stmt" count="0"/>
        <line num="85" type="stmt" count="0"/>
        <line num="87" type="method" name="remove" crap="2" count="0"/>
        <line num="88" type="stmt" count="0"/>
        <line num="89" type="stmt" count="0"/>
        <line num="94" type="method" name="toArray" crap="2" count="0"/>
        <line num="95" type="stmt" count="0"/>
        <line num="96" type="stmt" count="0"/>
        <metrics loc="97" ncloc="44" classes="1" methods="7" coveredmethods="0" conditionals="0" coveredconditionals="0" statements="15" coveredstatements="0" elements="22" coveredelements="0"/>
      </file>
    </package>
    <package name="DomainLayer\Common\DomainEntity">
      <file name="C:\Vokke\imperial-college-api\source/DomainLayer/Common/DomainEntity/DomainEntityAsTrait.php">
        <class name="DomainEntityAsTrait" namespace="DomainLayer\Common\DomainEntity" fullPackage="DomainLayer" package="DomainLayer">
          <metrics methods="8" coveredmethods="2" conditionals="0" coveredconditionals="0" statements="15" coveredstatements="2" elements="23" coveredelements="4"/>
        </class>
        <line num="41" type="method" name="getId" crap="1" count="1"/>
        <line num="42" type="stmt" count="1"/>
        <line num="51" type="method" name="domainEntityPreUpdate" crap="2" count="0"/>
        <line num="52" type="stmt" count="0"/>
        <line num="53" type="stmt" count="0"/>
        <line num="54" type="stmt" count="0"/>
        <line num="62" type="method" name="domainEntityPrePersist" crap="2" count="0"/>
        <line num="63" type="stmt" count="0"/>
        <line num="64" type="stmt" count="0"/>
        <line num="65" type="stmt" count="0"/>
        <line num="66" type="stmt" count="0"/>
        <line num="67" type="stmt" count="0"/>
        <line num="74" type="method" name="preUpdate" crap="2" count="0"/>
        <line num="75" type="stmt" count="0"/>
        <line num="83" type="method" name="prePersist" crap="2" count="0"/>
        <line num="84" type="stmt" count="0"/>
        <line num="87" type="method" name="timestampUpdated" crap="2" count="0"/>
        <line num="88" type="stmt" count="0"/>
        <line num="91" type="method" name="timestampCreated" crap="1" count="1"/>
        <line num="92" type="stmt" count="1"/>
        <line num="98" type="method" name="setTimestampUpdated" crap="2" count="0"/>
        <line num="99" type="stmt" count="0"/>
        <line num="100" type="stmt" count="0"/>
        <metrics loc="101" ncloc="48" classes="1" methods="8" coveredmethods="2" conditionals="0" coveredconditionals="0" statements="15" coveredstatements="2" elements="23" coveredelements="4"/>
      </file>
    </package>
    <package name="DomainLayer\Common\Enum">
      <file name="C:\Vokke\imperial-college-api\source/DomainLayer/Common/Enum/Enum.php">
        <class name="Enum" namespace="DomainLayer\Common\Enum" fullPackage="DomainLayer" package="DomainLayer">
          <metrics methods="7" coveredmethods="0" conditionals="0" coveredconditionals="0" statements="11" coveredstatements="0" elements="18" coveredelements="0"/>
        </class>
        <line num="25" type="method" name="__construct" crap="2" count="0"/>
        <line num="26" type="stmt" count="0"/>
        <line num="27" type="stmt" count="0"/>
        <line num="37" type="method" name="equals" crap="6" count="0"/>
        <line num="38" type="stmt" count="0"/>
        <line num="39" type="stmt" count="0"/>
        <line num="41" type="stmt" count="0"/>
        <line num="50" type="method" name="chosenOption" crap="2" count="0"/>
        <line num="51" type="stmt" count="0"/>
        <line num="60" type="method" name="options" crap="2" count="0"/>
        <line num="61" type="stmt" count="0"/>
        <line num="62" type="stmt" count="0"/>
        <line num="72" type="method" name="isValidOption" crap="2" count="0"/>
        <line num="73" type="stmt" count="0"/>
        <line num="83" type="method" name="byValue" crap="2" count="0"/>
        <line num="84" type="stmt" count="0"/>
        <line num="94" type="method" name="isInvalid" crap="2" count="0"/>
        <line num="95" type="stmt" count="0"/>
        <metrics loc="96" ncloc="39" classes="1" methods="7" coveredmethods="0" conditionals="0" coveredconditionals="0" statements="11" coveredstatements="0" elements="18" coveredelements="0"/>
      </file>
    </package>
    <package name="DomainLayer\Common\Examples\TestMessageWorker">
      <file name="C:\Vokke\imperial-college-api\source/DomainLayer/Common/Examples/TestMessageWorker/TestMessageWorker.php">
        <class name="TestMessageWorker" namespace="DomainLayer\Common\Examples\TestMessageWorker" fullPackage="DomainLayer" package="DomainLayer">
          <metrics methods="2" coveredmethods="0" conditionals="0" coveredconditionals="0" statements="4" coveredstatements="0" elements="6" coveredelements="0"/>
        </class>
        <line num="17" type="method" name="__construct" crap="2" count="0"/>
        <line num="18" type="stmt" count="0"/>
        <line num="19" type="stmt" count="0"/>
        <line num="21" type="method" name="processMessage" crap="2" count="0"/>
        <line num="22" type="stmt" count="0"/>
        <line num="23" type="stmt" count="0"/>
        <metrics loc="23" ncloc="19" classes="1" methods="2" coveredmethods="0" conditionals="0" coveredconditionals="0" statements="4" coveredstatements="0" elements="6" coveredelements="0"/>
      </file>
    </package>
    <package name="DomainLayer\Common\Vector">
      <file name="C:\Vokke\imperial-college-api\source/DomainLayer/Common/Vector/Vector.php">
        <class name="Vector" namespace="DomainLayer\Common\Vector" fullPackage="DomainLayer" package="DomainLayer">
          <metrics methods="14" coveredmethods="0" conditionals="0" coveredconditionals="0" statements="50" coveredstatements="0" elements="64" coveredelements="0"/>
        </class>
        <line num="13" type="method" name="fromArray" crap="2" count="0"/>
        <line num="14" type="stmt" count="0"/>
        <line num="15" type="stmt" count="0"/>
        <line num="17" type="method" name="unserialize" crap="2" count="0"/>
        <line num="18" type="stmt" count="0"/>
        <line num="19" type="stmt" count="0"/>
        <line num="21" type="method" name="__construct" crap="2" count="0"/>
        <line num="22" type="stmt" count="0"/>
        <line num="23" type="stmt" count="0"/>
        <line num="25" type="method" name="getIterator" crap="2" count="0"/>
        <line num="26" type="stmt" count="0"/>
        <line num="27" type="stmt" count="0"/>
        <line num="29" type="method" name="offsetSet" crap="6" count="0"/>
        <line num="30" type="stmt" count="0"/>
        <line num="31" type="stmt" count="0"/>
        <line num="32" type="stmt" count="0"/>
        <line num="33" type="stmt" count="0"/>
        <line num="34" type="stmt" count="0"/>
        <line num="35" type="stmt" count="0"/>
        <line num="37" type="method" name="offsetExists" crap="2" count="0"/>
        <line num="38" type="stmt" count="0"/>
        <line num="39" type="stmt" count="0"/>
        <line num="41" type="method" name="offsetUnset" crap="6" count="0"/>
        <line num="42" type="stmt" count="0"/>
        <line num="43" type="stmt" count="0"/>
        <line num="44" type="stmt" count="0"/>
        <line num="45" type="stmt" count="0"/>
        <line num="47" type="method" name="offsetGet" crap="6" count="0"/>
        <line num="48" type="stmt" count="0"/>
        <line num="49" type="stmt" count="0"/>
        <line num="51" type="method" name="dimension" crap="2" count="0"/>
        <line num="52" type="stmt" count="0"/>
        <line num="53" type="stmt" count="0"/>
        <line num="55" type="method" name="magnitude" crap="6" count="0"/>
        <line num="56" type="stmt" count="0"/>
        <line num="57" type="stmt" count="0"/>
        <line num="58" type="stmt" count="0"/>
        <line num="59" type="stmt" count="0"/>
        <line num="61" type="stmt" count="0"/>
        <line num="62" type="stmt" count="0"/>
        <line num="64" type="method" name="distance" crap="6" count="0"/>
        <line num="65" type="stmt" count="0"/>
        <line num="66" type="stmt" count="0"/>
        <line num="67" type="stmt" count="0"/>
        <line num="68" type="stmt" count="0"/>
        <line num="70" type="stmt" count="0"/>
        <line num="71" type="stmt" count="0"/>
        <line num="73" type="method" name="__toString" crap="2" count="0"/>
        <line num="74" type="stmt" count="0"/>
        <line num="75" type="stmt" count="0"/>
        <line num="77" type="method" name="dot" crap="12" count="0"/>
        <line num="78" type="stmt" count="0"/>
        <line num="79" type="stmt" count="0"/>
        <line num="81" type="stmt" count="0"/>
        <line num="82" type="stmt" count="0"/>
        <line num="83" type="stmt" count="0"/>
        <line num="85" type="stmt" count="0"/>
        <line num="86" type="stmt" count="0"/>
        <line num="87" type="stmt" count="0"/>
        <line num="88" type="stmt" count="0"/>
        <line num="89" type="stmt" count="0"/>
        <line num="91" type="method" name="serialize" crap="2" count="0"/>
        <line num="92" type="stmt" count="0"/>
        <line num="93" type="stmt" count="0"/>
        <metrics loc="94" ncloc="90" classes="1" methods="14" coveredmethods="0" conditionals="0" coveredconditionals="0" statements="50" coveredstatements="0" elements="64" coveredelements="0"/>
      </file>
    </package>
    <package name="DomainLayer\ContactEmailService">
      <file name="C:\Vokke\imperial-college-api\source/DomainLayer/ContactEmailService/ContactEmailService.php">
        <class name="ContactEmailService" namespace="DomainLayer\ContactEmailService" fullPackage="DomainLayer" package="DomainLayer">
          <metrics methods="2" coveredmethods="0" conditionals="0" coveredconditionals="0" statements="31" coveredstatements="0" elements="33" coveredelements="0"/>
        </class>
        <line num="15" type="method" name="createMail" crap="2" count="0"/>
        <line num="16" type="stmt" count="0"/>
        <line num="18" type="stmt" count="0"/>
        <line num="19" type="stmt" count="0"/>
        <line num="20" type="stmt" count="0"/>
        <line num="21" type="stmt" count="0"/>
        <line num="22" type="stmt" count="0"/>
        <line num="23" type="stmt" count="0"/>
        <line num="24" type="stmt" count="0"/>
        <line num="25" type="stmt" count="0"/>
        <line num="26" type="stmt" count="0"/>
        <line num="27" type="stmt" count="0"/>
        <line num="28" type="stmt" count="0"/>
        <line num="29" type="stmt" count="0"/>
        <line num="30" type="stmt" count="0"/>
        <line num="31" type="stmt" count="0"/>
        <line num="32" type="stmt" count="0"/>
        <line num="33" type="stmt" count="0"/>
        <line num="34" type="stmt" count="0"/>
        <line num="35" type="stmt" count="0"/>
        <line num="36" type="stmt" count="0"/>
        <line num="38" type="stmt" count="0"/>
        <line num="39" type="stmt" count="0"/>
        <line num="41" type="method" name="sendEmails" crap="6" count="0"/>
        <line num="42" type="stmt" count="0"/>
        <line num="44" type="stmt" count="0"/>
        <line num="46" type="stmt" count="0"/>
        <line num="47" type="stmt" count="0"/>
        <line num="49" type="stmt" count="0"/>
        <line num="50" type="stmt" count="0"/>
        <line num="51" type="stmt" count="0"/>
        <line num="52" type="stmt" count="0"/>
        <line num="53" type="stmt" count="0"/>
        <metrics loc="54" ncloc="50" classes="1" methods="2" coveredmethods="0" conditionals="0" coveredconditionals="0" statements="31" coveredstatements="0" elements="33" coveredelements="0"/>
      </file>
    </package>
    <package name="DomainLayer\ContactEmailService\ContactEmailWebRequest">
      <file name="C:\Vokke\imperial-college-api\source/DomainLayer/ContactEmailService/ContactEmailWebRequest/ContactEmailWebRequest.php">
        <class name="ContactEmailWebRequest" namespace="DomainLayer\ContactEmailService\ContactEmailWebRequest" fullPackage="DomainLayer" package="DomainLayer">
          <metrics methods="5" coveredmethods="0" conditionals="0" coveredconditionals="0" statements="28" coveredstatements="0" elements="33" coveredelements="0"/>
        </class>
        <line num="14" type="method" name="injectPayload" crap="2" count="0"/>
        <line num="15" type="stmt" count="0"/>
        <line num="16" type="stmt" count="0"/>
        <line num="18" type="method" name="getName" crap="6" count="0"/>
        <line num="19" type="stmt" count="0"/>
        <line num="20" type="stmt" count="0"/>
        <line num="21" type="stmt" count="0"/>
        <line num="22" type="stmt" count="0"/>
        <line num="23" type="stmt" count="0"/>
        <line num="25" type="method" name="getEmailAddress" crap="12" count="0"/>
        <line num="26" type="stmt" count="0"/>
        <line num="27" type="stmt" count="0"/>
        <line num="28" type="stmt" count="0"/>
        <line num="29" type="stmt" count="0"/>
        <line num="30" type="stmt" count="0"/>
        <line num="31" type="stmt" count="0"/>
        <line num="32" type="stmt" count="0"/>
        <line num="33" type="stmt" count="0"/>
        <line num="35" type="method" name="getMessage" crap="6" count="0"/>
        <line num="36" type="stmt" count="0"/>
        <line num="37" type="stmt" count="0"/>
        <line num="38" type="stmt" count="0"/>
        <line num="39" type="stmt" count="0"/>
        <line num="40" type="stmt" count="0"/>
        <line num="42" type="method" name="getSendCopy" crap="12" count="0"/>
        <line num="43" type="stmt" count="0"/>
        <line num="44" type="stmt" count="0"/>
        <line num="45" type="stmt" count="0"/>
        <line num="46" type="stmt" count="0"/>
        <line num="47" type="stmt" count="0"/>
        <line num="48" type="stmt" count="0"/>
        <line num="49" type="stmt" count="0"/>
        <line num="50" type="stmt" count="0"/>
        <metrics loc="51" ncloc="47" classes="1" methods="5" coveredmethods="0" conditionals="0" coveredconditionals="0" statements="28" coveredstatements="0" elements="33" coveredelements="0"/>
      </file>
    </package>
    <package name="DomainLayer\ContributorService">
      <file name="C:\Vokke\imperial-college-api\source/DomainLayer/ContributorService/ContributorService.php">
        <class name="ContributorService" namespace="DomainLayer\ContributorService" fullPackage="DomainLayer" package="DomainLayer">
          <metrics methods="6" coveredmethods="0" conditionals="0" coveredconditionals="0" statements="30" coveredstatements="0" elements="36" coveredelements="0"/>
        </class>
        <line num="40" type="method" name="__construct" crap="2" count="0"/>
        <line num="41" type="stmt" count="0"/>
        <line num="42" type="stmt" count="0"/>
        <line num="43" type="stmt" count="0"/>
        <line num="51" type="method" name="newContactContributorMessage" crap="2" count="0"/>
        <line num="52" type="stmt" count="0"/>
        <line num="54" type="stmt" count="0"/>
        <line num="55" type="stmt" count="0"/>
        <line num="56" type="stmt" count="0"/>
        <line num="57" type="stmt" count="0"/>
        <line num="58" type="stmt" count="0"/>
        <line num="60" type="stmt" count="0"/>
        <line num="61" type="stmt" count="0"/>
        <line num="62" type="stmt" count="0"/>
        <line num="70" type="method" name="ensureContributorHasUnsubscribeToken" crap="6" count="0"/>
        <line num="71" type="stmt" count="0"/>
        <line num="72" type="stmt" count="0"/>
        <line num="73" type="stmt" count="0"/>
        <line num="74" type="stmt" count="0"/>
        <line num="83" type="method" name="getUnsubscribeLink" crap="2" count="0"/>
        <line num="84" type="stmt" count="0"/>
        <line num="85" type="stmt" count="0"/>
        <line num="95" type="method" name="unsubscribeContributor" crap="6" count="0"/>
        <line num="96" type="stmt" count="0"/>
        <line num="97" type="stmt" count="0"/>
        <line num="98" type="stmt" count="0"/>
        <line num="100" type="stmt" count="0"/>
        <line num="101" type="stmt" count="0"/>
        <line num="102" type="stmt" count="0"/>
        <line num="103" type="stmt" count="0"/>
        <line num="104" type="stmt" count="0"/>
        <line num="105" type="stmt" count="0"/>
        <line num="106" type="stmt" count="0"/>
        <line num="107" type="method" name="anonymous function" crap="2" count="0"/>
        <line num="108" type="stmt" count="0"/>
        <line num="109" type="stmt" count="0"/>
        <line num="110" type="stmt" count="0"/>
        <line num="111" type="stmt" count="0"/>
        <line num="112" type="stmt" count="0"/>
        <metrics loc="113" ncloc="63" classes="1" methods="6" coveredmethods="0" conditionals="0" coveredconditionals="0" statements="33" coveredstatements="0" elements="39" coveredelements="0"/>
      </file>
    </package>
    <file name="C:\Vokke\imperial-college-api\source/DomainLayer/ContributorService/IContactContributorRequest.php">
      <metrics loc="44" ncloc="16" classes="0" methods="0" coveredmethods="0" conditionals="0" coveredconditionals="0" statements="0" coveredstatements="0" elements="0" coveredelements="0"/>
    </file>
    <file name="C:\Vokke\imperial-college-api\source/DomainLayer/ContributorService/IUnsubscribeContributorRequest.php">
      <metrics loc="28" ncloc="12" classes="0" methods="0" coveredmethods="0" conditionals="0" coveredconditionals="0" statements="0" coveredstatements="0" elements="0" coveredelements="0"/>
    </file>
    <package name="DomainLayer\NotificationService">
      <file name="C:\Vokke\imperial-college-api\source/DomainLayer/NotificationService/NotificationRenderer.php">
        <class name="NotificationRenderer" namespace="DomainLayer\NotificationService" fullPackage="DomainLayer" package="DomainLayer">
          <metrics methods="2" coveredmethods="0" conditionals="0" coveredconditionals="0" statements="6" coveredstatements="0" elements="8" coveredelements="0"/>
        </class>
        <line num="28" type="method" name="__construct" crap="2" count="0"/>
        <line num="29" type="stmt" count="0"/>
        <line num="30" type="stmt" count="0"/>
        <line num="39" type="method" name="render" crap="2" count="0"/>
        <line num="40" type="stmt" count="0"/>
        <line num="41" type="stmt" count="0"/>
        <line num="42" type="stmt" count="0"/>
        <line num="43" type="stmt" count="0"/>
        <metrics loc="44" ncloc="21" classes="1" methods="2" coveredmethods="0" conditionals="0" coveredconditionals="0" statements="6" coveredstatements="0" elements="8" coveredelements="0"/>
      </file>
      <file name="C:\Vokke\imperial-college-api\source/DomainLayer/NotificationService/NotificationService.php">
        <class name="NotificationService" namespace="DomainLayer\NotificationService" fullPackage="DomainLayer" package="DomainLayer">
          <metrics methods="6" coveredmethods="0" conditionals="0" coveredconditionals="0" statements="36" coveredstatements="0" elements="42" coveredelements="0"/>
        </class>
        <line num="67" type="method" name="__construct" crap="2" count="0"/>
        <line num="68" type="stmt" count="0"/>
        <line num="69" type="stmt" count="0"/>
        <line num="70" type="stmt" count="0"/>
        <line num="71" type="stmt" count="0"/>
        <line num="72" type="stmt" count="0"/>
        <line num="73" type="stmt" count="0"/>
        <line num="75" type="method" name="sendDailyNotifications" crap="6" count="0"/>
        <line num="76" type="stmt" count="0"/>
        <line num="77" type="stmt" count="0"/>
        <line num="82" type="stmt" count="0"/>
        <line num="83" type="stmt" count="0"/>
        <line num="84" type="stmt" count="0"/>
        <line num="89" type="stmt" count="0"/>
        <line num="94" type="stmt" count="0"/>
        <line num="95" type="stmt" count="0"/>
        <line num="99" type="stmt" count="0"/>
        <line num="100" type="stmt" count="0"/>
        <line num="101" type="stmt" count="0"/>
        <line num="102" type="stmt" count="0"/>
        <line num="103" type="stmt" count="0"/>
        <line num="104" type="stmt" count="0"/>
        <line num="106" type="method" name="renderDailyEmail" crap="2" count="0"/>
        <line num="107" type="stmt" count="0"/>
        <line num="108" type="stmt" count="0"/>
        <line num="109" type="stmt" count="0"/>
        <line num="110" type="stmt" count="0"/>
        <line num="112" type="method" name="sendWeeklyNotifications" crap="2" count="0"/>
        <line num="113" type="stmt" count="0"/>
        <line num="114" type="stmt" count="0"/>
        <line num="119" type="stmt" count="0"/>
        <line num="120" type="stmt" count="0"/>
        <line num="121" type="stmt" count="0"/>
        <line num="126" type="stmt" count="0"/>
        <line num="130" type="method" name="anonymous function" crap="2" count="0"/>
        <line num="131" type="stmt" count="0"/>
        <line num="132" type="stmt" count="0"/>
        <line num="136" type="stmt" count="0"/>
        <line num="137" type="stmt" count="0"/>
        <line num="138" type="stmt" count="0"/>
        <line num="139" type="stmt" count="0"/>
        <line num="140" type="stmt" count="0"/>
        <line num="141" type="stmt" count="0"/>
        <line num="143" type="method" name="renderWeeklyEmail" crap="2" count="0"/>
        <line num="144" type="stmt" count="0"/>
        <line num="145" type="stmt" count="0"/>
        <line num="146" type="stmt" count="0"/>
        <line num="147" type="stmt" count="0"/>
        <metrics loc="148" ncloc="80" classes="1" methods="6" coveredmethods="0" conditionals="0" coveredconditionals="0" statements="42" coveredstatements="0" elements="48" coveredelements="0"/>
      </file>
    </package>
    <package name="DomainLayer\ORM\ApprovalStatus">
      <file name="C:\Vokke\imperial-college-api\source/DomainLayer/ORM/ApprovalStatus/ApprovalStatus.php">
        <class name="ApprovalStatus" namespace="DomainLayer\ORM\ApprovalStatus" fullPackage="DomainLayer" package="DomainLayer">
          <metrics methods="2" coveredmethods="0" conditionals="0" coveredconditionals="0" statements="2" coveredstatements="0" elements="4" coveredelements="0"/>
        </class>
        <line num="23" type="method" name="unapproved" crap="2" count="0"/>
        <line num="24" type="stmt" count="0"/>
        <line num="33" type="method" name="approved" crap="2" count="0"/>
        <line num="34" type="stmt" count="0"/>
        <metrics loc="36" ncloc="19" classes="1" methods="2" coveredmethods="0" conditionals="0" coveredconditionals="0" statements="2" coveredstatements="0" elements="4" coveredelements="0"/>
      </file>
    </package>
    <package name="DomainLayer\ORM\BulkUploadRequest">
      <file name="C:\Vokke\imperial-college-api\source/DomainLayer/ORM/BulkUploadRequest/BulkUploadRequest.php">
        <class name="BulkUploadRequest" namespace="DomainLayer\ORM\BulkUploadRequest" fullPackage="DomainLayer" package="DomainLayer">
          <metrics methods="10" coveredmethods="0" conditionals="0" coveredconditionals="0" statements="24" coveredstatements="0" elements="34" coveredelements="0"/>
        </class>
        <line num="79" type="method" name="__construct" crap="2" count="0"/>
        <line num="80" type="stmt" count="0"/>
        <line num="81" type="stmt" count="0"/>
        <line num="82" type="stmt" count="0"/>
        <line num="83" type="stmt" count="0"/>
        <line num="84" type="stmt" count="0"/>
        <line num="85" type="stmt" count="0"/>
        <line num="93" type="method" name="getName" crap="2" count="0"/>
        <line num="94" type="stmt" count="0"/>
        <line num="95" type="stmt" count="0"/>
        <line num="103" type="method" name="getEmailAddress" crap="2" count="0"/>
        <line num="104" type="stmt" count="0"/>
        <line num="105" type="stmt" count="0"/>
        <line num="113" type="method" name="getOrganisation" crap="2" count="0"/>
        <line num="114" type="stmt" count="0"/>
        <line num="115" type="stmt" count="0"/>
        <line num="123" type="method" name="getExchangeToken" crap="2" count="0"/>
        <line num="124" type="stmt" count="0"/>
        <line num="125" type="stmt" count="0"/>
        <line num="133" type="method" name="getDescription" crap="2" count="0"/>
        <line num="134" type="stmt" count="0"/>
        <line num="135" type="stmt" count="0"/>
        <line num="143" type="method" name="getApprovedAt" crap="2" count="0"/>
        <line num="144" type="stmt" count="0"/>
        <line num="145" type="stmt" count="0"/>
        <line num="153" type="method" name="getApprovalToken" crap="2" count="0"/>
        <line num="154" type="stmt" count="0"/>
        <line num="155" type="stmt" count="0"/>
        <line num="163" type="method" name="setApprovedAt" crap="2" count="0"/>
        <line num="164" type="stmt" count="0"/>
        <line num="165" type="stmt" count="0"/>
        <line num="173" type="method" name="setExchangeToken" crap="2" count="0"/>
        <line num="174" type="stmt" count="0"/>
        <line num="175" type="stmt" count="0"/>
        <metrics loc="176" ncloc="66" classes="1" methods="10" coveredmethods="0" conditionals="0" coveredconditionals="0" statements="24" coveredstatements="0" elements="34" coveredelements="0"/>
      </file>
    </package>
    <package name="DomainLayer\ORM\Category">
      <file name="C:\Vokke\imperial-college-api\source/DomainLayer/ORM/Category/Category.php">
        <class name="Category" namespace="DomainLayer\ORM\Category" fullPackage="DomainLayer" package="DomainLayer">
          <metrics methods="11" coveredmethods="1" conditionals="0" coveredconditionals="0" statements="27" coveredstatements="1" elements="38" coveredelements="2"/>
        </class>
        <line num="66" type="method" name="__construct" crap="2" count="0"/>
        <line num="67" type="stmt" count="0"/>
        <line num="68" type="stmt" count="0"/>
        <line num="69" type="stmt" count="0"/>
        <line num="70" type="stmt" count="0"/>
        <line num="71" type="stmt" count="0"/>
        <line num="79" type="method" name="hasParent" crap="2" count="0"/>
        <line num="80" type="stmt" count="0"/>
        <line num="89" type="method" name="getParentCategory" crap="2" count="0"/>
        <line num="90" type="stmt" count="0"/>
        <line num="99" type="method" name="getName" crap="1" count="1"/>
        <line num="100" type="stmt" count="1"/>
        <line num="109" type="method" name="getApprovalStatus" crap="2" count="0"/>
        <line num="110" type="stmt" count="0"/>
        <line num="119" type="method" name="getChildren" crap="2" count="0"/>
        <line num="120" type="stmt" count="0"/>
        <line num="130" type="method" name="addChild" crap="2" count="0"/>
        <line num="131" type="stmt" count="0"/>
        <line num="138" type="method" name="anonymous function" crap="6" count="0"/>
        <line num="139" type="stmt" count="0"/>
        <line num="140" type="stmt" count="0"/>
        <line num="142" type="stmt" count="0"/>
        <line num="144" type="stmt" count="0"/>
        <line num="146" type="stmt" count="0"/>
        <line num="152" type="method" name="asTopLevelCategory" crap="12" count="0"/>
        <line num="153" type="stmt" count="0"/>
        <line num="154" type="stmt" count="0"/>
        <line num="155" type="stmt" count="0"/>
        <line num="156" type="stmt" count="0"/>
        <line num="157" type="stmt" count="0"/>
        <line num="158" type="stmt" count="0"/>
        <line num="159" type="stmt" count="0"/>
        <line num="160" type="stmt" count="0"/>
        <line num="168" type="method" name="preUpdate" crap="2" count="0"/>
        <line num="169" type="stmt" count="0"/>
        <line num="170" type="stmt" count="0"/>
        <line num="178" type="method" name="prePersist" crap="2" count="0"/>
        <line num="179" type="stmt" count="0"/>
        <line num="180" type="stmt" count="0"/>
        <metrics loc="182" ncloc="89" classes="1" methods="11" coveredmethods="1" conditionals="0" coveredconditionals="0" statements="28" coveredstatements="1" elements="39" coveredelements="2"/>
      </file>
    </package>
    <package name="DomainLayer\ORM\Category\Repository">
      <file name="C:\Vokke\imperial-college-api\source/DomainLayer/ORM/Category/Repository/DatabaseCategoryRepository.php">
        <class name="DatabaseCategoryRepository" namespace="DomainLayer\ORM\Category\Repository" fullPackage="DomainLayer" package="DomainLayer">
          <metrics methods="7" coveredmethods="0" conditionals="0" coveredconditionals="0" statements="25" coveredstatements="0" elements="32" coveredelements="0"/>
        </class>
        <line num="25" type="method" name="findById" crap="2" count="0"/>
        <line num="26" type="stmt" count="0"/>
        <line num="35" type="method" name="getRootCategories" crap="2" count="0"/>
        <line num="36" type="stmt" count="0"/>
        <line num="37" type="stmt" count="0"/>
        <line num="38" type="stmt" count="0"/>
        <line num="39" type="stmt" count="0"/>
        <line num="40" type="stmt" count="0"/>
        <line num="41" type="stmt" count="0"/>
        <line num="51" type="method" name="getRandomCategory" crap="2" count="0"/>
        <line num="52" type="stmt" count="0"/>
        <line num="53" type="stmt" count="0"/>
        <line num="62" type="method" name="listAll" crap="2" count="0"/>
        <line num="63" type="stmt" count="0"/>
        <line num="73" type="method" name="getCategoriesRecursive" crap="6" count="0"/>
        <line num="74" type="stmt" count="0"/>
        <line num="75" type="stmt" count="0"/>
        <line num="76" type="stmt" count="0"/>
        <line num="78" type="stmt" count="0"/>
        <line num="79" type="stmt" count="0"/>
        <line num="80" type="stmt" count="0"/>
        <line num="81" type="stmt" count="0"/>
        <line num="84" type="stmt" count="0"/>
        <line num="85" type="stmt" count="0"/>
        <line num="86" type="stmt" count="0"/>
        <line num="88" type="method" name="anonymous function" crap="2" count="0"/>
        <line num="89" type="stmt" count="0"/>
        <line num="90" type="stmt" count="0"/>
        <line num="91" type="stmt" count="0"/>
        <line num="92" type="stmt" count="0"/>
        <line num="102" type="method" name="findBySlug" crap="2" count="0"/>
        <line num="103" type="stmt" count="0"/>
        <metrics loc="105" ncloc="61" classes="1" methods="7" coveredmethods="0" conditionals="0" coveredconditionals="0" statements="25" coveredstatements="0" elements="32" coveredelements="0"/>
      </file>
    </package>
    <file name="C:\Vokke\imperial-college-api\source/DomainLayer/ORM/Category/Repository/ICategoryRepository.php">
      <metrics loc="56" ncloc="19" classes="0" methods="0" coveredmethods="0" conditionals="0" coveredconditionals="0" statements="0" coveredstatements="0" elements="0" coveredelements="0"/>
    </file>
    <package name="DomainLayer\ORM\Contributor">
      <file name="C:\Vokke\imperial-college-api\source/DomainLayer/ORM/Contributor/Contributor.php">
        <class name="Contributor" namespace="DomainLayer\ORM\Contributor" fullPackage="DomainLayer" package="DomainLayer">
          <metrics methods="7" coveredmethods="1" conditionals="0" coveredconditionals="0" statements="12" coveredstatements="1" elements="19" coveredelements="2"/>
        </class>
        <line num="52" type="method" name="__construct" crap="2" count="0"/>
        <line num="53" type="stmt" count="0"/>
        <line num="54" type="stmt" count="0"/>
        <line num="55" type="stmt" count="0"/>
        <line num="56" type="stmt" count="0"/>
        <line num="64" type="method" name="setWantsAggregationEmail" crap="2" count="0"/>
        <line num="65" type="stmt" count="0"/>
        <line num="66" type="stmt" count="0"/>
        <line num="74" type="method" name="getName" crap="1" count="1"/>
        <line num="75" type="stmt" count="1"/>
        <line num="84" type="method" name="getEmailAddress" crap="2" count="0"/>
        <line num="85" type="stmt" count="0"/>
        <line num="94" type="method" name="wantsAggregationEmail" crap="2" count="0"/>
        <line num="95" type="stmt" count="0"/>
        <line num="104" type="method" name="getUnsubscribeToken" crap="2" count="0"/>
        <line num="105" type="stmt" count="0"/>
        <line num="114" type="method" name="setUnsubscribeToken" crap="2" count="0"/>
        <line num="115" type="stmt" count="0"/>
        <line num="116" type="stmt" count="0"/>
        <metrics loc="117" ncloc="46" classes="1" methods="7" coveredmethods="1" conditionals="0" coveredconditionals="0" statements="12" coveredstatements="1" elements="19" coveredelements="2"/>
      </file>
    </package>
    <package name="DomainLayer\ORM\Contributor\Repository">
      <file name="C:\Vokke\imperial-college-api\source/DomainLayer/ORM/Contributor/Repository/DatabaseContributorRepository.php">
        <class name="DatabaseContributorRepository" namespace="DomainLayer\ORM\Contributor\Repository" fullPackage="DomainLayer" package="DomainLayer">
          <metrics methods="1" coveredmethods="0" conditionals="0" coveredconditionals="0" statements="1" coveredstatements="0" elements="2" coveredelements="0"/>
        </class>
        <line num="24" type="method" name="findByEmailAddress" crap="2" count="0"/>
        <line num="25" type="stmt" count="0"/>
        <metrics loc="27" ncloc="16" classes="1" methods="1" coveredmethods="0" conditionals="0" coveredconditionals="0" statements="1" coveredstatements="0" elements="2" coveredelements="0"/>
      </file>
    </package>
    <file name="C:\Vokke\imperial-college-api\source/DomainLayer/ORM/Contributor/Repository/IContributorRepository.php">
      <metrics loc="21" ncloc="10" classes="0" methods="0" coveredmethods="0" conditionals="0" coveredconditionals="0" statements="0" coveredstatements="0" elements="0" coveredelements="0"/>
    </file>
    <package name="DomainLayer\ORM\DataPoints">
      <file name="C:\Vokke\imperial-college-api\source/DomainLayer/ORM/DataPoints/DataPoints.php">
        <class name="DataPoints" namespace="DomainLayer\ORM\DataPoints" fullPackage="DomainLayer" package="DomainLayer">
          <metrics methods="2" coveredmethods="1" conditionals="0" coveredconditionals="0" statements="3" coveredstatements="1" elements="5" coveredelements="2"/>
        </class>
        <line num="17" type="method" name="__construct" crap="2" count="0"/>
        <line num="18" type="stmt" count="0"/>
        <line num="19" type="stmt" count="0"/>
        <line num="24" type="method" name="getDataPoints" crap="1" count="1"/>
        <line num="25" type="stmt" count="1"/>
        <metrics loc="27" ncloc="20" classes="1" methods="2" coveredmethods="1" conditionals="0" coveredconditionals="0" statements="3" coveredstatements="1" elements="5" coveredelements="2"/>
      </file>
    </package>
    <package name="DomainLayer\ORM\DomainEntity">
      <file name="C:\Vokke\imperial-college-api\source/DomainLayer/ORM/DomainEntity/DomainEntity.php">
        <class name="DomainEntity" namespace="DomainLayer\ORM\DomainEntity" fullPackage="DomainLayer" package="DomainLayer">
          <metrics methods="7" coveredmethods="0" conditionals="0" coveredconditionals="0" statements="13" coveredstatements="0" elements="20" coveredelements="0"/>
        </class>
        <line num="40" type="method" name="getId" crap="2" count="0"/>
        <line num="41" type="stmt" count="0"/>
        <line num="50" type="method" name="domainEntityPreUpdate" crap="2" count="0"/>
        <line num="51" type="stmt" count="0"/>
        <line num="52" type="stmt" count="0"/>
        <line num="53" type="stmt" count="0"/>
        <line num="61" type="method" name="domainEntityPrePersist" crap="2" count="0"/>
        <line num="62" type="stmt" count="0"/>
        <line num="63" type="stmt" count="0"/>
        <line num="64" type="stmt" count="0"/>
        <line num="65" type="stmt" count="0"/>
        <line num="66" type="stmt" count="0"/>
        <line num="73" type="method" name="preUpdate" crap="2" count="0"/>
        <line num="74" type="stmt" count="0"/>
        <line num="82" type="method" name="prePersist" crap="2" count="0"/>
        <line num="83" type="stmt" count="0"/>
        <line num="92" type="method" name="timestampUpdated" crap="2" count="0"/>
        <line num="93" type="stmt" count="0"/>
        <line num="103" type="method" name="timestampCreated" crap="2" count="0"/>
        <line num="104" type="stmt" count="0"/>
        <metrics loc="106" ncloc="44" classes="1" methods="7" coveredmethods="0" conditionals="0" coveredconditionals="0" statements="13" coveredstatements="0" elements="20" coveredelements="0"/>
      </file>
    </package>
    <package name="DomainLayer\ORM\EmailAddress">
      <file name="C:\Vokke\imperial-college-api\source/DomainLayer/ORM/EmailAddress/EmailAddress.php">
        <class name="EmailAddress" namespace="DomainLayer\ORM\EmailAddress" fullPackage="DomainLayer" package="DomainLayer">
          <metrics methods="2" coveredmethods="0" conditionals="0" coveredconditionals="0" statements="4" coveredstatements="0" elements="6" coveredelements="0"/>
        </class>
        <line num="25" type="method" name="__construct" crap="2" count="0"/>
        <line num="26" type="stmt" count="0"/>
        <line num="27" type="stmt" count="0"/>
        <line num="35" type="method" name="emailAddress" crap="2" count="0"/>
        <line num="36" type="stmt" count="0"/>
        <line num="37" type="stmt" count="0"/>
        <metrics loc="37" ncloc="15" classes="1" methods="2" coveredmethods="0" conditionals="0" coveredconditionals="0" statements="4" coveredstatements="0" elements="6" coveredelements="0"/>
      </file>
    </package>
    <package name="DomainLayer\ORM\FeatureVector\Exceptions">
      <file name="C:\Vokke\imperial-college-api\source/DomainLayer/ORM/FeatureVector/Exceptions/EFeatureElementMappingIdNotPresent.php">
        <class name="EFeatureElementMappingIdNotPresent" namespace="DomainLayer\ORM\FeatureVector\Exceptions" fullPackage="DomainLayer" package="DomainLayer">
          <metrics methods="1" coveredmethods="0" conditionals="0" coveredconditionals="0" statements="2" coveredstatements="0" elements="3" coveredelements="0"/>
        </class>
        <line num="17" type="method" name="__construct" crap="2" count="0"/>
        <line num="18" type="stmt" count="0"/>
        <line num="19" type="stmt" count="0"/>
        <metrics loc="20" ncloc="10" classes="1" methods="1" coveredmethods="0" conditionals="0" coveredconditionals="0" statements="2" coveredstatements="0" elements="3" coveredelements="0"/>
      </file>
    </package>
    <package name="DomainLayer\ORM\FeatureVector">
      <file name="C:\Vokke\imperial-college-api\source/DomainLayer/ORM/FeatureVector/FeatureVector.php">
        <class name="FeatureVector" namespace="DomainLayer\ORM\FeatureVector" fullPackage="DomainLayer" package="DomainLayer">
          <metrics methods="7" coveredmethods="0" conditionals="0" coveredconditionals="0" statements="17" coveredstatements="0" elements="24" coveredelements="0"/>
        </class>
        <line num="15" type="method" name="__construct" crap="2" count="0"/>
        <line num="16" type="stmt" count="0"/>
        <line num="17" type="stmt" count="0"/>
        <line num="19" type="method" name="fromArray" crap="2" count="0"/>
        <line num="20" type="stmt" count="0"/>
        <line num="21" type="stmt" count="0"/>
        <line num="30" type="method" name="addElementValue" crap="2" count="0"/>
        <line num="31" type="stmt" count="0"/>
        <line num="32" type="stmt" count="0"/>
        <line num="42" type="method" name="getElementValue" crap="6" count="0"/>
        <line num="43" type="stmt" count="0"/>
        <line num="44" type="stmt" count="0"/>
        <line num="45" type="stmt" count="0"/>
        <line num="47" type="stmt" count="0"/>
        <line num="48" type="stmt" count="0"/>
        <line num="56" type="method" name="toArray" crap="2" count="0"/>
        <line num="57" type="stmt" count="0"/>
        <line num="58" type="stmt" count="0"/>
        <line num="63" type="method" name="toVector" crap="2" count="0"/>
        <line num="64" type="stmt" count="0"/>
        <line num="65" type="stmt" count="0"/>
        <line num="67" type="method" name="toHash" crap="2" count="0"/>
        <line num="68" type="stmt" count="0"/>
        <line num="69" type="stmt" count="0"/>
        <metrics loc="70" ncloc="42" classes="1" methods="7" coveredmethods="0" conditionals="0" coveredconditionals="0" statements="17" coveredstatements="0" elements="24" coveredelements="0"/>
      </file>
    </package>
    <package name="DomainLayer\ORM\FeatureVectorDescriptor">
      <file name="C:\Vokke\imperial-college-api\source/DomainLayer/ORM/FeatureVectorDescriptor/FeatureVectorDescriptor.php">
        <class name="FeatureVectorDescriptor" namespace="DomainLayer\ORM\FeatureVectorDescriptor" fullPackage="DomainLayer" package="DomainLayer">
          <metrics methods="3" coveredmethods="0" conditionals="0" coveredconditionals="0" statements="6" coveredstatements="0" elements="9" coveredelements="0"/>
        </class>
        <line num="46" type="method" name="__construct" crap="2" count="0"/>
        <line num="47" type="stmt" count="0"/>
        <line num="48" type="stmt" count="0"/>
        <line num="49" type="stmt" count="0"/>
        <line num="50" type="stmt" count="0"/>
        <line num="55" type="method" name="getName" crap="2" count="0"/>
        <line num="56" type="stmt" count="0"/>
        <line num="62" type="method" name="getMappingId" crap="2" count="0"/>
        <line num="63" type="stmt" count="0"/>
        <metrics loc="65" ncloc="29" classes="1" methods="3" coveredmethods="0" conditionals="0" coveredconditionals="0" statements="6" coveredstatements="0" elements="9" coveredelements="0"/>
      </file>
    </package>
    <package name="DomainLayer\ORM\FeatureVectorDocument">
      <file name="C:\Vokke\imperial-college-api\source/DomainLayer/ORM/FeatureVectorDocument/FeatureVectorDocument.php">
        <class name="FeatureVectorDocument" namespace="DomainLayer\ORM\FeatureVectorDocument" fullPackage="DomainLayer" package="DomainLayer">
          <metrics methods="9" coveredmethods="0" conditionals="0" coveredconditionals="0" statements="32" coveredstatements="0" elements="41" coveredelements="0"/>
        </class>
        <line num="44" type="method" name="__construct" crap="2" count="0"/>
        <line num="45" type="stmt" count="0"/>
        <line num="47" type="stmt" count="0"/>
        <line num="48" type="stmt" count="0"/>
        <line num="49" type="stmt" count="0"/>
        <line num="50" type="stmt" count="0"/>
        <line num="51" type="stmt" count="0"/>
        <line num="52" type="stmt" count="0"/>
        <line num="54" type="method" name="fromArray" crap="2" count="0"/>
        <line num="55" type="stmt" count="0"/>
        <line num="56" type="stmt" count="0"/>
        <line num="57" type="stmt" count="0"/>
        <line num="58" type="stmt" count="0"/>
        <line num="60" type="stmt" count="0"/>
        <line num="61" type="stmt" count="0"/>
        <line num="66" type="method" name="toArray" crap="2" count="0"/>
        <line num="67" type="stmt" count="0"/>
        <line num="68" type="stmt" count="0"/>
        <line num="69" type="stmt" count="0"/>
        <line num="70" type="stmt" count="0"/>
        <line num="71" type="stmt" count="0"/>
        <line num="72" type="stmt" count="0"/>
        <line num="73" type="stmt" count="0"/>
        <line num="78" type="method" name="getRawFeatureVector" crap="2" count="0"/>
        <line num="79" type="stmt" count="0"/>
        <line num="80" type="stmt" count="0"/>
        <line num="85" type="method" name="getNormalizedFeatureVector" crap="2" count="0"/>
        <line num="86" type="stmt" count="0"/>
        <line num="87" type="stmt" count="0"/>
        <line num="89" type="method" name="setOwningTimeSeriesId" crap="2" count="0"/>
        <line num="90" type="stmt" count="0"/>
        <line num="91" type="stmt" count="0"/>
        <line num="96" type="method" name="getTimeSeriesId" crap="2" count="0"/>
        <line num="97" type="stmt" count="0"/>
        <line num="98" type="stmt" count="0"/>
        <line num="103" type="method" name="getHashFamily" crap="2" count="0"/>
        <line num="104" type="stmt" count="0"/>
        <line num="105" type="stmt" count="0"/>
        <line num="110" type="method" name="getIndexKey" crap="2" count="0"/>
        <line num="111" type="stmt" count="0"/>
        <line num="112" type="stmt" count="0"/>
        <metrics loc="113" ncloc="71" classes="1" methods="9" coveredmethods="0" conditionals="0" coveredconditionals="0" statements="32" coveredstatements="0" elements="41" coveredelements="0"/>
      </file>
    </package>
    <package name="DomainLayer\ORM\FeatureVectorFamily\DescriptorCollection">
      <file name="C:\Vokke\imperial-college-api\source/DomainLayer/ORM/FeatureVectorFamily/DescriptorCollection/DescriptorCollection.php">
        <class name="DescriptorCollection" namespace="DomainLayer\ORM\FeatureVectorFamily\DescriptorCollection" fullPackage="DomainLayer" package="DomainLayer">
          <metrics methods="2" coveredmethods="0" conditionals="0" coveredconditionals="0" statements="9" coveredstatements="0" elements="11" coveredelements="0"/>
        </class>
        <line num="22" type="method" name="getParentFamily" crap="2" count="0"/>
        <line num="23" type="stmt" count="0"/>
        <line num="24" type="stmt" count="0"/>
        <line num="35" type="method" name="addDescriptor" crap="6" count="0"/>
        <line num="37" type="stmt" count="0"/>
        <line num="38" type="stmt" count="0"/>
        <line num="39" type="stmt" count="0"/>
        <line num="41" type="stmt" count="0"/>
        <line num="42" type="stmt" count="0"/>
        <line num="44" type="stmt" count="0"/>
        <line num="45" type="stmt" count="0"/>
        <metrics loc="46" ncloc="26" classes="1" methods="2" coveredmethods="0" conditionals="0" coveredconditionals="0" statements="9" coveredstatements="0" elements="11" coveredelements="0"/>
      </file>
    </package>
    <package name="DomainLayer\ORM\FeatureVectorFamily\DescriptorCollection\Exceptions">
      <file name="C:\Vokke\imperial-college-api\source/DomainLayer/ORM/FeatureVectorFamily/DescriptorCollection/Exceptions/EAdditionalDescriptorNotAllowed.php">
        <class name="EAdditionalDescriptorNotAllowed" namespace="DomainLayer\ORM\FeatureVectorFamily\DescriptorCollection\Exceptions" fullPackage="DomainLayer" package="DomainLayer">
          <metrics methods="1" coveredmethods="0" conditionals="0" coveredconditionals="0" statements="2" coveredstatements="0" elements="3" coveredelements="0"/>
        </class>
        <line num="16" type="method" name="__construct" crap="2" count="0"/>
        <line num="17" type="stmt" count="0"/>
        <line num="18" type="stmt" count="0"/>
        <metrics loc="19" ncloc="10" classes="1" methods="1" coveredmethods="0" conditionals="0" coveredconditionals="0" statements="2" coveredstatements="0" elements="3" coveredelements="0"/>
      </file>
    </package>
    <package name="DomainLayer\ORM\FeatureVectorFamily">
      <file name="C:\Vokke\imperial-college-api\source/DomainLayer/ORM/FeatureVectorFamily/FeatureVectorFamily.php">
        <class name="FeatureVectorFamily" namespace="DomainLayer\ORM\FeatureVectorFamily" fullPackage="DomainLayer" package="DomainLayer">
          <metrics methods="11" coveredmethods="0" conditionals="0" coveredconditionals="0" statements="24" coveredstatements="0" elements="35" coveredelements="0"/>
        </class>
        <line num="65" type="method" name="__construct" crap="2" count="0"/>
        <line num="68" type="stmt" count="0"/>
        <line num="69" type="stmt" count="0"/>
        <line num="70" type="stmt" count="0"/>
        <line num="71" type="stmt" count="0"/>
        <line num="73" type="stmt" count="0"/>
        <line num="74" type="stmt" count="0"/>
        <line num="75" type="stmt" count="0"/>
        <line num="76" type="stmt" count="0"/>
        <line num="77" type="stmt" count="0"/>
        <line num="82" type="method" name="descriptors" crap="2" count="0"/>
        <line num="83" type="stmt" count="0"/>
        <line num="89" type="method" name="getName" crap="2" count="0"/>
        <line num="90" type="stmt" count="0"/>
        <line num="96" type="method" name="getIndexName" crap="2" count="0"/>
        <line num="97" type="stmt" count="0"/>
        <line num="105" type="method" name="getDescription" crap="2" count="0"/>
        <line num="106" type="stmt" count="0"/>
        <line num="112" type="method" name="getGeneratorScriptPath" crap="2" count="0"/>
        <line num="113" type="stmt" count="0"/>
        <line num="119" type="method" name="getCommonIndex" crap="2" count="0"/>
        <line num="120" type="stmt" count="0"/>
        <line num="126" type="method" name="getSyntheticIndex" crap="2" count="0"/>
        <line num="127" type="stmt" count="0"/>
        <line num="133" type="method" name="getRealIndex" crap="2" count="0"/>
        <line num="134" type="stmt" count="0"/>
        <line num="137" type="method" name="prepareIndices" crap="2" count="0"/>
        <line num="138" type="stmt" count="0"/>
        <line num="139" type="stmt" count="0"/>
        <line num="140" type="stmt" count="0"/>
        <line num="141" type="stmt" count="0"/>
        <line num="143" type="method" name="totalHashTables" crap="2" count="0"/>
        <line num="144" type="stmt" count="0"/>
        <line num="145" type="stmt" count="0"/>
        <line num="146" type="stmt" count="0"/>
        <metrics loc="148" ncloc="90" classes="1" methods="11" coveredmethods="0" conditionals="0" coveredconditionals="0" statements="24" coveredstatements="0" elements="35" coveredelements="0"/>
      </file>
    </package>
    <package name="DomainLayer\ORM\FeatureVectorFamily\Repository">
      <file name="C:\Vokke\imperial-college-api\source/DomainLayer/ORM/FeatureVectorFamily/Repository/DatabaseFeatureVectorFamilyRepository.php">
        <class name="DatabaseFeatureVectorFamilyRepository" namespace="DomainLayer\ORM\FeatureVectorFamily\Repository" fullPackage="DomainLayer" package="DomainLayer">
          <metrics methods="1" coveredmethods="0" conditionals="0" coveredconditionals="0" statements="1" coveredstatements="0" elements="2" coveredelements="0"/>
        </class>
        <line num="24" type="method" name="findById" crap="2" count="0"/>
        <line num="25" type="stmt" count="0"/>
        <metrics loc="27" ncloc="16" classes="1" methods="1" coveredmethods="0" conditionals="0" coveredconditionals="0" statements="1" coveredstatements="0" elements="2" coveredelements="0"/>
      </file>
    </package>
    <file name="C:\Vokke\imperial-college-api\source/DomainLayer/ORM/FeatureVectorFamily/Repository/IFeatureVectorFamilyRepository.php">
      <metrics loc="21" ncloc="10" classes="0" methods="0" coveredmethods="0" conditionals="0" coveredconditionals="0" statements="0" coveredstatements="0" elements="0" coveredelements="0"/>
    </file>
    <package name="DomainLayer\ORM\FeatureVectorIndex">
      <file name="C:\Vokke\imperial-college-api\source/DomainLayer/ORM/FeatureVectorIndex/FeatureVectorIndex.php">
        <class name="FeatureVectorIndex" namespace="DomainLayer\ORM\FeatureVectorIndex" fullPackage="DomainLayer" package="DomainLayer">
          <metrics methods="3" coveredmethods="0" conditionals="0" coveredconditionals="0" statements="6" coveredstatements="0" elements="9" coveredelements="0"/>
        </class>
        <line num="28" type="method" name="__construct" crap="2" count="0"/>
        <line num="29" type="stmt" count="0"/>
        <line num="30" type="stmt" count="0"/>
        <line num="32" type="stmt" count="0"/>
        <line num="33" type="stmt" count="0"/>
        <line num="38" type="method" name="getLshOptions" crap="2" count="0"/>
        <line num="39" type="stmt" count="0"/>
        <line num="45" type="method" name="hashTables" crap="2" count="0"/>
        <line num="46" type="stmt" count="0"/>
        <metrics loc="48" ncloc="35" classes="1" methods="3" coveredmethods="0" conditionals="0" coveredconditionals="0" statements="6" coveredstatements="0" elements="9" coveredelements="0"/>
      </file>
    </package>
    <package name="DomainLayer\ORM\FeatureVectorIndex\HashTableCollection\Exceptions">
      <file name="C:\Vokke\imperial-college-api\source/DomainLayer/ORM/FeatureVectorIndex/HashTableCollection/Exceptions/EPersistBeforeGenerateHash.php">
        <class name="EPersistBeforeGenerateHash" namespace="DomainLayer\ORM\FeatureVectorIndex\HashTableCollection\Exceptions" fullPackage="DomainLayer" package="DomainLayer">
          <metrics methods="1" coveredmethods="0" conditionals="0" coveredconditionals="0" statements="2" coveredstatements="0" elements="3" coveredelements="0"/>
        </class>
        <line num="16" type="method" name="__construct" crap="2" count="0"/>
        <line num="17" type="stmt" count="0"/>
        <line num="18" type="stmt" count="0"/>
        <metrics loc="19" ncloc="10" classes="1" methods="1" coveredmethods="0" conditionals="0" coveredconditionals="0" statements="2" coveredstatements="0" elements="3" coveredelements="0"/>
      </file>
    </package>
    <package name="DomainLayer\ORM\FeatureVectorIndex\HashTableCollection">
      <file name="C:\Vokke\imperial-college-api\source/DomainLayer/ORM/FeatureVectorIndex/HashTableCollection/HashTableCollection.php">
        <class name="HashTableCollection" namespace="DomainLayer\ORM\FeatureVectorIndex\HashTableCollection" fullPackage="DomainLayer" package="DomainLayer">
          <metrics methods="3" coveredmethods="0" conditionals="0" coveredconditionals="0" statements="16" coveredstatements="0" elements="19" coveredelements="0"/>
        </class>
        <line num="24" type="method" name="getParentHashTable" crap="2" count="0"/>
        <line num="25" type="stmt" count="0"/>
        <line num="26" type="stmt" count="0"/>
        <line num="34" type="method" name="generateHashTables" crap="6" count="0"/>
        <line num="35" type="stmt" count="0"/>
        <line num="36" type="stmt" count="0"/>
        <line num="37" type="stmt" count="0"/>
        <line num="38" type="stmt" count="0"/>
        <line num="39" type="stmt" count="0"/>
        <line num="41" type="method" name="generateHash" crap="12" count="0"/>
        <line num="42" type="stmt" count="0"/>
        <line num="43" type="stmt" count="0"/>
        <line num="45" type="stmt" count="0"/>
        <line num="46" type="stmt" count="0"/>
        <line num="47" type="stmt" count="0"/>
        <line num="49" type="stmt" count="0"/>
        <line num="50" type="stmt" count="0"/>
        <line num="52" type="stmt" count="0"/>
        <line num="53" type="stmt" count="0"/>
        <metrics loc="54" ncloc="37" classes="1" methods="3" coveredmethods="0" conditionals="0" coveredconditionals="0" statements="16" coveredstatements="0" elements="19" coveredelements="0"/>
      </file>
    </package>
    <package name="DomainLayer\ORM\Fingerprint">
      <file name="C:\Vokke\imperial-college-api\source/DomainLayer/ORM/Fingerprint/Fingerprint.php">
        <class name="Fingerprint" namespace="DomainLayer\ORM\Fingerprint" fullPackage="DomainLayer" package="DomainLayer">
          <metrics methods="3" coveredmethods="0" conditionals="0" coveredconditionals="0" statements="7" coveredstatements="0" elements="10" coveredelements="0"/>
        </class>
        <line num="26" type="method" name="__construct" crap="2" count="0"/>
        <line num="27" type="stmt" count="0"/>
        <line num="28" type="stmt" count="0"/>
        <line num="29" type="stmt" count="0"/>
        <line num="34" type="method" name="getCommonFingerprint" crap="2" count="0"/>
        <line num="35" type="stmt" count="0"/>
        <line num="36" type="stmt" count="0"/>
        <line num="41" type="method" name="getCategoryFingerprint" crap="2" count="0"/>
        <line num="42" type="stmt" count="0"/>
        <line num="43" type="stmt" count="0"/>
        <metrics loc="44" ncloc="23" classes="1" methods="3" coveredmethods="0" conditionals="0" coveredconditionals="0" statements="7" coveredstatements="0" elements="10" coveredelements="0"/>
      </file>
    </package>
    <package name="DomainLayer\ORM\HashTable">
      <file name="C:\Vokke\imperial-college-api\source/DomainLayer/ORM/HashTable/HashTable.php">
        <class name="HashTable" namespace="DomainLayer\ORM\HashTable" fullPackage="DomainLayer" package="DomainLayer">
          <metrics methods="6" coveredmethods="0" conditionals="0" coveredconditionals="0" statements="21" coveredstatements="0" elements="27" coveredelements="0"/>
        </class>
        <line num="50" type="method" name="generateHyperplanes" crap="6" count="0"/>
        <line num="51" type="stmt" count="0"/>
        <line num="52" type="stmt" count="0"/>
        <line num="53" type="stmt" count="0"/>
        <line num="54" type="stmt" count="0"/>
        <line num="63" type="method" name="__construct" crap="2" count="0"/>
        <line num="64" type="stmt" count="0"/>
        <line num="65" type="stmt" count="0"/>
        <line num="66" type="stmt" count="0"/>
        <line num="69" type="stmt" count="0"/>
        <line num="70" type="stmt" count="0"/>
        <line num="75" type="method" name="hyperplanes" crap="2" count="0"/>
        <line num="76" type="stmt" count="0"/>
        <line num="77" type="stmt" count="0"/>
        <line num="87" type="method" name="hash" crap="6" count="0"/>
        <line num="88" type="stmt" count="0"/>
        <line num="89" type="stmt" count="0"/>
        <line num="91" type="stmt" count="0"/>
        <line num="92" type="stmt" count="0"/>
        <line num="94" type="stmt" count="0"/>
        <line num="95" type="stmt" count="0"/>
        <line num="100" type="method" name="getFeatureVectorIndex" crap="2" count="0"/>
        <line num="101" type="stmt" count="0"/>
        <line num="102" type="stmt" count="0"/>
        <line num="107" type="method" name="getIndexNumber" crap="2" count="0"/>
        <line num="108" type="stmt" count="0"/>
        <line num="109" type="stmt" count="0"/>
        <metrics loc="110" ncloc="56" classes="1" methods="6" coveredmethods="0" conditionals="0" coveredconditionals="0" statements="21" coveredstatements="0" elements="27" coveredelements="0"/>
      </file>
    </package>
    <package name="DomainLayer\ORM\HashTable\HyperplaneCollection">
[...]
        <line num="88" type="stmt" count="0"/>
        <line num="89" type="stmt" count="0"/>
        <line num="91" type="method" name="hasSource" crap="2" count="0"/>
        <line num="92" type="stmt" count="0"/>
        <line num="93" type="stmt" count="0"/>
        <line num="95" type="method" name="getSource" crap="2" count="0"/>
        <line num="96" type="stmt" count="0"/>
        <line num="97" type="stmt" count="0"/>
        <line num="99" type="method" name="checkPage" crap="20" count="0"/>
        <line num="100" type="stmt" count="0"/>
        <line num="101" type="stmt" count="0"/>
        <line num="102" type="stmt" count="0"/>
        <line num="103" type="stmt" count="0"/>
        <line num="105" type="method" name="getPage" crap="6" count="0"/>
        <line num="106" type="stmt" count="0"/>
        <line num="107" type="stmt" count="0"/>
        <line num="109" type="method" name="getSearchType" crap="2" count="0"/>
        <line num="110" type="stmt" count="0"/>
        <line num="111" type="stmt" count="0"/>
        <line num="113" type="method" name="getMatch" crap="72" count="0"/>
        <line num="114" type="stmt" count="0"/>
        <line num="115" type="stmt" count="0"/>
        <line num="116" type="stmt" count="0"/>
        <line num="117" type="stmt" count="0"/>
        <line num="118" type="stmt" count="0"/>
        <line num="119" type="stmt" count="0"/>
        <line num="120" type="stmt" count="0"/>
        <line num="121" type="stmt" count="0"/>
        <line num="122" type="stmt" count="0"/>
        <line num="123" type="stmt" count="0"/>
        <line num="124" type="stmt" count="0"/>
        <line num="125" type="stmt" count="0"/>
        <metrics loc="126" ncloc="96" classes="1" methods="14" coveredmethods="0" conditionals="0" coveredconditionals="0" statements="46" coveredstatements="0" elements="60" coveredelements="0"/>
      </file>
    </package>
    <package name="PresentationLayer\Routes\Timeseries\Slug\Get">
      <file name="C:\Vokke\imperial-college-api\source/PresentationLayer/Routes/Timeseries/Slug/Get/Get.php">
        <class name="Get" namespace="PresentationLayer\Routes\Timeseries\Slug\Get" fullPackage="PresentationLayer" package="PresentationLayer">
          <metrics methods="3" coveredmethods="0" conditionals="0" coveredconditionals="0" statements="47" coveredstatements="0" elements="50" coveredelements="0"/>
        </class>
        <line num="42" type="method" name="constructSearchQuery" crap="72" count="0"/>
        <line num="43" type="stmt" count="0"/>
        <line num="44" type="stmt" count="0"/>
        <line num="45" type="stmt" count="0"/>
        <line num="46" type="stmt" count="0"/>
        <line num="47" type="stmt" count="0"/>
        <line num="48" type="stmt" count="0"/>
        <line num="49" type="stmt" count="0"/>
        <line num="50" type="stmt" count="0"/>
        <line num="51" type="stmt" count="0"/>
        <line num="53" type="stmt" count="0"/>
        <line num="54" type="stmt" count="0"/>
        <line num="55" type="stmt" count="0"/>
        <line num="56" type="stmt" count="0"/>
        <line num="57" type="stmt" count="0"/>
        <line num="58" type="stmt" count="0"/>
        <line num="59" type="stmt" count="0"/>
        <line num="61" type="stmt" count="0"/>
        <line num="62" type="stmt" count="0"/>
        <line num="63" type="stmt" count="0"/>
        <line num="64" type="stmt" count="0"/>
        <line num="65" type="stmt" count="0"/>
        <line num="66" type="stmt" count="0"/>
        <line num="67" type="stmt" count="0"/>
        <line num="68" type="stmt" count="0"/>
        <line num="70" type="stmt" count="0"/>
        <line num="71" type="stmt" count="0"/>
        <line num="72" type="stmt" count="0"/>
        <line num="73" type="stmt" count="0"/>
        <line num="75" type="stmt" count="0"/>
        <line num="76" type="stmt" count="0"/>
        <line num="77" type="stmt" count="0"/>
        <line num="79" type="stmt" count="0"/>
        <line num="80" type="stmt" count="0"/>
        <line num="89" type="method" name="__construct" crap="2" count="0"/>
        <line num="90" type="stmt" count="0"/>
        <line num="92" type="stmt" count="0"/>
        <line num="93" type="stmt" count="0"/>
        <line num="94" type="stmt" count="0"/>
        <line num="95" type="stmt" count="0"/>
        <line num="96" type="stmt" count="0"/>
        <line num="103" type="method" name="execute" crap="6" count="0"/>
        <line num="104" type="stmt" count="0"/>
        <line num="105" type="stmt" count="0"/>
        <line num="107" type="stmt" count="0"/>
        <line num="108" type="stmt" count="0"/>
        <line num="109" type="stmt" count="0"/>
        <line num="111" type="stmt" count="0"/>
        <line num="112" type="stmt" count="0"/>
        <line num="113" type="stmt" count="0"/>
        <metrics loc="114" ncloc="85" classes="1" methods="3" coveredmethods="0" conditionals="0" coveredconditionals="0" statements="47" coveredstatements="0" elements="50" coveredelements="0"/>
      </file>
    </package>
    <package name="PresentationLayer\Routing\DIRouteFactory">
      <file name="C:\Vokke\imperial-college-api\source/PresentationLayer/Routing/DIRouteFactory/DIRouteFactory.php">
        <class name="DIRouteFactory" namespace="PresentationLayer\Routing\DIRouteFactory">
          <metrics methods="2" coveredmethods="0" conditionals="0" coveredconditionals="0" statements="4" coveredstatements="0" elements="6" coveredelements="0"/>
        </class>
        <line num="12" type="method" name="__construct" crap="2" count="0"/>
        <line num="13" type="stmt" count="0"/>
        <line num="14" type="stmt" count="0"/>
        <line num="16" type="method" name="instantiateRoute" crap="2" count="0"/>
        <line num="17" type="stmt" count="0"/>
        <line num="18" type="stmt" count="0"/>
        <metrics loc="18" ncloc="18" classes="1" methods="2" coveredmethods="0" conditionals="0" coveredconditionals="0" statements="4" coveredstatements="0" elements="6" coveredelements="0"/>
      </file>
    </package>
    <package name="PresentationLayer\Routing\ExceptionHandler">
      <file name="C:\Vokke\imperial-college-api\source/PresentationLayer/Routing/ExceptionHandler/AuthenticationRequired.php">
        <class name="AuthenticationRequired" namespace="PresentationLayer\Routing\ExceptionHandler" fullPackage="PresentationLayer" package="PresentationLayer">
          <metrics methods="1" coveredmethods="0" conditionals="0" coveredconditionals="0" statements="3" coveredstatements="0" elements="4" coveredelements="0"/>
        </class>
        <line num="23" type="method" name="handle" crap="2" count="0"/>
        <line num="24" type="stmt" count="0"/>
        <line num="25" type="stmt" count="0"/>
        <line num="26" type="stmt" count="0"/>
        <metrics loc="27" ncloc="16" classes="1" methods="1" coveredmethods="0" conditionals="0" coveredconditionals="0" statements="3" coveredstatements="0" elements="4" coveredelements="0"/>
      </file>
      <file name="C:\Vokke\imperial-college-api\source/PresentationLayer/Routing/ExceptionHandler/InvalidPermissions.php">
        <class name="InvalidPermissions" namespace="PresentationLayer\Routing\ExceptionHandler" fullPackage="PresentationLayer" package="PresentationLayer">
          <metrics methods="1" coveredmethods="0" conditionals="0" coveredconditionals="0" statements="3" coveredstatements="0" elements="4" coveredelements="0"/>
        </class>
        <line num="24" type="method" name="handle" crap="2" count="0"/>
        <line num="25" type="stmt" count="0"/>
        <line num="26" type="stmt" count="0"/>
        <line num="27" type="stmt" count="0"/>
        <metrics loc="28" ncloc="17" classes="1" methods="1" coveredmethods="0" conditionals="0" coveredconditionals="0" statements="3" coveredstatements="0" elements="4" coveredelements="0"/>
      </file>
      <file name="C:\Vokke\imperial-college-api\source/PresentationLayer/Routing/ExceptionHandler/ParametersMissing.php">
        <class name="ParametersMissing" namespace="PresentationLayer\Routing\ExceptionHandler" fullPackage="PresentationLayer" package="PresentationLayer">
          <metrics methods="1" coveredmethods="0" conditionals="0" coveredconditionals="0" statements="7" coveredstatements="0" elements="8" coveredelements="0"/>
        </class>
        <line num="24" type="method" name="handle" crap="6" count="0"/>
        <line num="25" type="stmt" count="0"/>
        <line num="28" type="stmt" count="0"/>
        <line num="29" type="stmt" count="0"/>
        <line num="30" type="stmt" count="0"/>
        <line num="32" type="stmt" count="0"/>
        <line num="33" type="stmt" count="0"/>
        <line num="34" type="stmt" count="0"/>
        <metrics loc="35" ncloc="23" classes="1" methods="1" coveredmethods="0" conditionals="0" coveredconditionals="0" statements="7" coveredstatements="0" elements="8" coveredelements="0"/>
      </file>
    </package>
    <package name="PresentationLayer\Routing\Plugins\SchemaValidationPlugin">
      <file name="C:\Vokke\imperial-college-api\source/PresentationLayer/Routing/Plugins/SchemaValidationPlugin/EInvalidInput.php">
        <class name="EInvalidInput" namespace="PresentationLayer\Routing\Plugins\SchemaValidationPlugin">
          <metrics methods="1" coveredmethods="0" conditionals="0" coveredconditionals="0" statements="2" coveredstatements="0" elements="3" coveredelements="0"/>
        </class>
        <line num="7" type="method" name="__construct" crap="2" count="0"/>
        <line num="8" type="stmt" count="0"/>
        <line num="9" type="stmt" count="0"/>
        <metrics loc="9" ncloc="9" classes="1" methods="1" coveredmethods="0" conditionals="0" coveredconditionals="0" statements="2" coveredstatements="0" elements="3" coveredelements="0"/>
      </file>
      <file name="C:\Vokke\imperial-college-api\source/PresentationLayer/Routing/Plugins/SchemaValidationPlugin/ESchemaFileMissing.php">
        <class name="ESchemaFileMissing" namespace="PresentationLayer\Routing\Plugins\SchemaValidationPlugin">
          <metrics methods="1" coveredmethods="0" conditionals="0" coveredconditionals="0" statements="2" coveredstatements="0" elements="3" coveredelements="0"/>
        </class>
        <line num="7" type="method" name="__construct" crap="2" count="0"/>
        <line num="8" type="stmt" count="0"/>
        <line num="9" type="stmt" count="0"/>
        <metrics loc="9" ncloc="9" classes="1" methods="1" coveredmethods="0" conditionals="0" coveredconditionals="0" statements="2" coveredstatements="0" elements="3" coveredelements="0"/>
      </file>
      <file name="C:\Vokke\imperial-college-api\source/PresentationLayer/Routing/Plugins/SchemaValidationPlugin/SchemaValidationPlugin.php">
        <class name="SchemaValidationPlugin" namespace="PresentationLayer\Routing\Plugins\SchemaValidationPlugin">
          <metrics methods="2" coveredmethods="0" conditionals="0" coveredconditionals="0" statements="17" coveredstatements="0" elements="19" coveredelements="0"/>
        </class>
        <line num="16" type="method" name="validate" crap="2" count="0"/>
        <line num="17" type="stmt" count="0"/>
        <line num="18" type="stmt" count="0"/>
        <line num="19" type="stmt" count="0"/>
        <line num="37" type="method" name="validateAgainstSchema" crap="12" count="0"/>
        <line num="38" type="stmt" count="0"/>
        <line num="39" type="stmt" count="0"/>
        <line num="40" type="stmt" count="0"/>
        <line num="41" type="stmt" count="0"/>
        <line num="43" type="stmt" count="0"/>
        <line num="45" type="stmt" count="0"/>
        <line num="46" type="stmt" count="0"/>
        <line num="47" type="stmt" count="0"/>
        <line num="48" type="stmt" count="0"/>
        <line num="49" type="stmt" count="0"/>
        <line num="50" type="stmt" count="0"/>
        <line num="51" type="stmt" count="0"/>
        <line num="52" type="stmt" count="0"/>
        <line num="53" type="stmt" count="0"/>
        <metrics loc="53" ncloc="29" classes="1" methods="2" coveredmethods="0" conditionals="0" coveredconditionals="0" statements="17" coveredstatements="0" elements="19" coveredelements="0"/>
      </file>
    </package>
    <package name="PresentationLayer\Routing\ReturnBody">
      <file name="C:\Vokke\imperial-college-api\source/PresentationLayer/Routing/ReturnBody/CSVBody.php">
        <class name="CSVBody" namespace="PresentationLayer\Routing\ReturnBody">
          <metrics methods="2" coveredmethods="0" conditionals="0" coveredconditionals="0" statements="4" coveredstatements="0" elements="6" coveredelements="0"/>
        </class>
        <line num="11" type="method" name="__construct" crap="2" count="0"/>
        <line num="12" type="stmt" count="0"/>
        <line num="13" type="stmt" count="0"/>
        <line num="15" type="method" name="getAsResponseBody" crap="2" count="0"/>
        <line num="16" type="stmt" count="0"/>
        <line num="17" type="stmt" count="0"/>
        <metrics loc="18" ncloc="18" classes="1" methods="2" coveredmethods="0" conditionals="0" coveredconditionals="0" statements="4" coveredstatements="0" elements="6" coveredelements="0"/>
      </file>
      <file name="C:\Vokke\imperial-college-api\source/PresentationLayer/Routing/ReturnBody/ErrorBody.php">
        <class name="ErrorBody" namespace="PresentationLayer\Routing\ReturnBody">
          <metrics methods="2" coveredmethods="0" conditionals="0" coveredconditionals="0" statements="8" coveredstatements="0" elements="10" coveredelements="0"/>
        </class>
        <line num="12" type="method" name="__construct" crap="2" count="0"/>
        <line num="13" type="stmt" count="0"/>
        <line num="14" type="stmt" count="0"/>
        <line num="15" type="stmt" count="0"/>
        <line num="17" type="method" name="getAsResponseBody" crap="2" count="0"/>
        <line num="18" type="stmt" count="0"/>
        <line num="19" type="stmt" count="0"/>
        <line num="20" type="stmt" count="0"/>
        <line num="21" type="stmt" count="0"/>
        <line num="22" type="stmt" count="0"/>
        <metrics loc="23" ncloc="23" classes="1" methods="2" coveredmethods="0" conditionals="0" coveredconditionals="0" statements="8" coveredstatements="0" elements="10" coveredelements="0"/>
      </file>
    </package>
    <package name="PresentationLayer\Routing\StatusCode">
      <file name="C:\Vokke\imperial-college-api\source/PresentationLayer/Routing/StatusCode/Conflict.php">
        <class name="Conflict" namespace="PresentationLayer\Routing\StatusCode" fullPackage="PresentationLayer" package="PresentationLayer">
          <metrics methods="1" coveredmethods="0" conditionals="0" coveredconditionals="0" statements="2" coveredstatements="0" elements="3" coveredelements="0"/>
        </class>
        <line num="19" type="method" name="toStatus" crap="2" count="0"/>
        <line num="20" type="stmt" count="0"/>
        <line num="21" type="stmt" count="0"/>
        <metrics loc="22" ncloc="12" classes="1" methods="1" coveredmethods="0" conditionals="0" coveredconditionals="0" statements="2" coveredstatements="0" elements="3" coveredelements="0"/>
      </file>
      <file name="C:\Vokke\imperial-college-api\source/PresentationLayer/Routing/StatusCode/NotModified.php">
        <class name="NotModified" namespace="PresentationLayer\Routing\StatusCode" fullPackage="PresentationLayer" package="PresentationLayer">
          <metrics methods="1" coveredmethods="0" conditionals="0" coveredconditionals="0" statements="2" coveredstatements="0" elements="3" coveredelements="0"/>
        </class>
        <line num="19" type="method" name="toStatus" crap="2" count="0"/>
        <line num="20" type="stmt" count="0"/>
        <line num="21" type="stmt" count="0"/>
        <metrics loc="22" ncloc="12" classes="1" methods="1" coveredmethods="0" conditionals="0" coveredconditionals="0" statements="2" coveredstatements="0" elements="3" coveredelements="0"/>
      </file>
      <file name="C:\Vokke\imperial-college-api\source/PresentationLayer/Routing/StatusCode/Unauthorized.php">
        <class name="Unauthorized" namespace="PresentationLayer\Routing\StatusCode" fullPackage="PresentationLayer" package="PresentationLayer">
          <metrics methods="1" coveredmethods="0" conditionals="0" coveredconditionals="0" statements="2" coveredstatements="0" elements="3" coveredelements="0"/>
        </class>
        <line num="19" type="method" name="toStatus" crap="2" count="0"/>
        <line num="20" type="stmt" count="0"/>
        <line num="21" type="stmt" count="0"/>
        <metrics loc="22" ncloc="12" classes="1" methods="1" coveredmethods="0" conditionals="0" coveredconditionals="0" statements="2" coveredstatements="0" elements="3" coveredelements="0"/>
      </file>
      <file name="C:\Vokke\imperial-college-api\source/PresentationLayer/Routing/StatusCode/UnprocessableEntity.php">
        <class name="UnprocessableEntity" namespace="PresentationLayer\Routing\StatusCode" fullPackage="PresentationLayer" package="PresentationLayer">
          <metrics methods="1" coveredmethods="0" conditionals="0" coveredconditionals="0" statements="2" coveredstatements="0" elements="3" coveredelements="0"/>
        </class>
        <line num="19" type="method" name="toStatus" crap="2" count="0"/>
        <line num="20" type="stmt" count="0"/>
        <line num="21" type="stmt" count="0"/>
        <metrics loc="22" ncloc="12" classes="1" methods="1" coveredmethods="0" conditionals="0" coveredconditionals="0" statements="2" coveredstatements="0" elements="3" coveredelements="0"/>
      </file>
    </package>
    <file name="C:\Vokke\imperial-college-api\source/bootstrap.php">
      <line num="6" type="stmt" count="0"/>
      <line num="7" type="stmt" count="0"/>
      <line num="10" type="stmt" count="0"/>
      <line num="12" type="stmt" count="0"/>
      <line num="13" type="stmt" count="0"/>
      <line num="15" type="stmt" count="0"/>
      <line num="16" type="stmt" count="0"/>
      <line num="21" type="stmt" count="0"/>
      <line num="22" type="stmt" count="0"/>
      <line num="23" type="stmt" count="0"/>
      <line num="24" type="stmt" count="0"/>
      <line num="25" type="stmt" count="0"/>
      <line num="26" type="stmt" count="0"/>
      <line num="28" type="stmt" count="0"/>
      <line num="29" type="stmt" count="0"/>
      <line num="30" type="stmt" count="0"/>
      <line num="31" type="stmt" count="0"/>
      <line num="32" type="stmt" count="0"/>
      <line num="33" type="stmt" count="0"/>
      <line num="34" type="stmt" count="0"/>
      <line num="37" type="stmt" count="0"/>
      <line num="38" type="stmt" count="0"/>
      <line num="39" type="stmt" count="0"/>
      <line num="41" type="stmt" count="0"/>
      <line num="42" type="stmt" count="0"/>
      <line num="45" type="stmt" count="0"/>
      <line num="46" type="stmt" count="0"/>
      <line num="50" type="stmt" count="0"/>
      <line num="51" type="stmt" count="0"/>
      <line num="52" type="stmt" count="0"/>
      <line num="54" type="stmt" count="0"/>
      <line num="57" type="stmt" count="0"/>
      <line num="58" type="stmt" count="0"/>
      <line num="59" type="stmt" count="0"/>
      <line num="60" type="stmt" count="0"/>
      <line num="61" type="stmt" count="0"/>
      <line num="62" type="stmt" count="0"/>
      <line num="63" type="stmt" count="0"/>
      <metrics loc="62" ncloc="56" classes="0" methods="0" coveredmethods="0" conditionals="0" coveredconditionals="0" statements="37" coveredstatements="0" elements="37" coveredelements="0"/>
    </file>
    <metrics files="228" loc="15098" ncloc="9103" classes="197" methods="714" coveredmethods="19" conditionals="0" coveredconditionals="0" statements="3880" coveredstatements="153" elements="4594" coveredelements="172"/>
  </project>
</coverage>
